#
# A fatal error has been detected by the Java Runtime Environment:
#
#  EXCEPTION_ACCESS_VIOLATION (0xc0000005) at pc=0x000000000437cf73, pid=11396, tid=0x0000000000002014
#
# JRE version: OpenJDK Runtime Environment (8.0_202-b03) (build 1.8.0_202-release-1483-b03)
# Java VM: OpenJDK 64-Bit Server VM (25.202-b03 mixed mode windows-amd64 compressed oops)
# Problematic frame:
# J 7953 C2 com.google.common.cache.LocalCache$Segment.get(Ljava/lang/Object;ILcom/google/common/cache/CacheLoader;)Ljava/lang/Object; (210 bytes) @ 0x000000000437cf73 [0x000000000437cb40+0x433]
#
# Failed to write core dump. Minidumps are not enabled by default on client versions of Windows
#
# If you would like to submit a bug report, please visit:
#   http://bugreport.java.com/bugreport/crash.jsp
#

---------------  T H R E A D  ---------------

Current thread (0x000000001d8e4000):  JavaThread "Execution worker for ':' Thread 3" [_thread_in_Java, id=8212, stack(0x000000003ac80000,0x000000003ad80000)]

siginfo: ExceptionCode=0xc0000005, reading address 0xffffffffffffffff

Registers:
RAX=0x000000000071b95d, RBX=0x0000000011d50000, RCX=0x00000000a000b800, RDX=0x00000000e3728800
RSP=0x000000003ad7d730, RBP=0x00000000e3726818, RSI=0x00000000e372ba20, RDI=0x00000000e37287f0
R8 =0x00000000e372ba20, R9 =0x00000000e37287f0, R10=0x0000000000000000, R11=0x00000000a000b780
R12=0x0000000000000000, R13=0x00000000e3726818, R14=0x000000007fffffff, R15=0x000000001d8e4000
RIP=0x000000000437cf73, EFLAGS=0x0000000000010286

Top of Stack: (sp=0x000000003ad7d730)
0x000000003ad7d730:   00000000a3ed4a40 00000000a000b780
0x000000003ad7d740:   a3ed4a40e786d613 0000002900000001
0x000000003ad7d750:   00000000e372b858 00000000e372ba08
0x000000003ad7d760:   00000000a3ed48b8 00000000a000b7f0
0x000000003ad7d770:   00000000e372ba20 000000000309e674
0x000000003ad7d780:   0000000000000002 00000000e372b858
0x000000003ad7d790:   00000000a000b6e0 0000000004391aec
0x000000003ad7d7a0:   00000000a000b6e0 00000000a0055250
0x000000003ad7d7b0:   0000000000000000 00000000e372b858
0x000000003ad7d7c0:   00000000e372ba08 00000000e372b858
0x000000003ad7d7d0:   0000000100000000 0000000003e9418a
0x000000003ad7d7e0:   00000000e372b858 0000000000000003
0x000000003ad7d7f0:   00000000a0055250 000000000474d320
0x000000003ad7d800:   00000000a03007f8 00007ffd3cb84f92
0x000000003ad7d810:   000000000000006f 000000000438376c
0x000000003ad7d820:   00000000a019fc50 00000000e372b9b8 

Instructions: (pc=0x000000000437cf73)
0x000000000437cf53:   24 40 48 89 54 24 38 44 89 54 24 14 48 89 7c 24
0x000000000437cf63:   30 4c 89 5c 24 08 49 8b f9 49 8d 51 10 44 8b 12
0x000000000437cf73:   45 85 d2 75 98 48 33 c0 f0 44 0f b1 02 41 0f 94
0x000000000437cf83:   c3 45 0f b6 db 4c 8b d2 49 c1 ea 09 46 88 24 13 


Register to memory mapping:

RAX=0x000000000071b95d is an unknown value
RBX=0x0000000011d50000 is an unknown value
RCX=0x00000000a000b800 is pointing into object: 0x00000000a000b7f0
java.util.concurrent.ConcurrentLinkedQueue 
 - klass: 'java/util/concurrent/ConcurrentLinkedQueue'
RDX=0x00000000e3728800 is an oop

[error occurred during error reporting (printing register info), id 0xc0000005]

Stack: [0x000000003ac80000,0x000000003ad80000],  sp=0x000000003ad7d730,  free space=1013k
Native frames: (J=compiled Java code, j=interpreted, Vv=VM code, C=native code)
C  0x000000000437cf73


---------------  P R O C E S S  ---------------

Java Threads: ( => current thread )
  0x000000001d8ed800 JavaThread "Cache worker for execution history cache (C:\Users\User\Desktop\Hogwarts\4Sure_Hogwarts_Assessment\.gradle\5.4.1\executionHistory)" [_thread_blocked, id=15324, stack(0x000000003b180000,0x000000003b280000)]
  0x000000001d8df800 JavaThread "Execution worker for ':' Thread 7" [_thread_blocked, id=4584, stack(0x000000003b080000,0x000000003b180000)]
  0x000000001d8e6000 JavaThread "Execution worker for ':' Thread 6" [_thread_blocked, id=13316, stack(0x000000003af80000,0x000000003b080000)]
  0x000000001d8de800 JavaThread "Execution worker for ':' Thread 5" [_thread_blocked, id=15132, stack(0x000000003ae80000,0x000000003af80000)]
  0x000000001d8e5800 JavaThread "Execution worker for ':' Thread 4" [_thread_blocked, id=4212, stack(0x000000003ad80000,0x000000003ae80000)]
=>0x000000001d8e4000 JavaThread "Execution worker for ':' Thread 3" [_thread_in_Java, id=8212, stack(0x000000003ac80000,0x000000003ad80000)]
  0x000000001d8e4800 JavaThread "Execution worker for ':' Thread 2" [_thread_blocked, id=9556, stack(0x000000003ab80000,0x000000003ac80000)]
  0x000000001d8e3000 JavaThread "Execution worker for ':'" [_thread_blocked, id=17712, stack(0x000000003aa80000,0x000000003ab80000)]
  0x000000001d8e2800 JavaThread "Cache worker for file content cache (C:\Users\User\Desktop\Hogwarts\4Sure_Hogwarts_Assessment\.gradle\5.4.1\fileContent)" [_thread_blocked, id=12120, stack(0x000000003a980000,0x000000003aa80000)]
  0x0000000024329800 JavaThread "Cache worker for Build Output Cleanup Cache (C:\Users\User\Desktop\Hogwarts\4Sure_Hogwarts_Assessment\.gradle\buildOutputCleanup)" [_thread_blocked, id=3160, stack(0x000000003a880000,0x000000003a980000)]
  0x0000000024329000 JavaThread "Build operations Thread 8" [_thread_blocked, id=15680, stack(0x000000003a780000,0x000000003a880000)]
  0x0000000024326800 JavaThread "Build operations Thread 7" [_thread_blocked, id=932, stack(0x000000003a680000,0x000000003a780000)]
  0x0000000024327800 JavaThread "Build operations Thread 6" [_thread_blocked, id=18148, stack(0x000000003a580000,0x000000003a680000)]
  0x000000002432d800 JavaThread "Build operations Thread 5" [_thread_blocked, id=9128, stack(0x000000003a480000,0x000000003a580000)]
  0x000000002432c800 JavaThread "Build operations Thread 4" [_thread_blocked, id=11000, stack(0x000000003a380000,0x000000003a480000)]
  0x000000002432a800 JavaThread "Build operations Thread 3" [_thread_blocked, id=8304, stack(0x000000003a280000,0x000000003a380000)]
  0x000000002432b000 JavaThread "Build operations Thread 2" [_thread_blocked, id=12724, stack(0x000000003a180000,0x000000003a280000)]
  0x000000002432c000 JavaThread "Build operations" [_thread_blocked, id=2832, stack(0x000000003a080000,0x000000003a180000)]
  0x0000000024328000 JavaThread "Cache worker for cache directory md-rule (C:\Users\User\.gradle\caches\5.4.1\md-rule)" [_thread_blocked, id=16732, stack(0x0000000039f80000,0x000000003a080000)]
  0x0000000024320800 JavaThread "Cache worker for cache directory md-supplier (C:\Users\User\.gradle\caches\5.4.1\md-supplier)" [_thread_blocked, id=9776, stack(0x0000000039e80000,0x0000000039f80000)]
  0x000000002431f000 JavaThread "Cache worker for file hash cache (C:\Users\User\Desktop\Hogwarts\4Sure_Hogwarts_Assessment\.gradle\5.4.1\fileHashes)" [_thread_blocked, id=5452, stack(0x0000000039d80000,0x0000000039e80000)]
  0x0000000024326000 JavaThread "Thread-296" [_thread_blocked, id=2376, stack(0x0000000039c80000,0x0000000039d80000)]
  0x0000000024323000 JavaThread "Stdin handler" [_thread_blocked, id=3948, stack(0x0000000039b80000,0x0000000039c80000)]
  0x000000002431f800 JavaThread "Asynchronous log dispatcher for DefaultDaemonConnection: socket connection from /127.0.0.1:50413 to /127.0.0.1:51047" [_thread_blocked, id=7724, stack(0x0000000039a80000,0x0000000039b80000)]
  0x0000000024321800 JavaThread "Daemon worker Thread 7" [_thread_blocked, id=7292, stack(0x0000000039980000,0x0000000039a80000)]
  0x0000000024324800 JavaThread "Cancel handler" [_thread_blocked, id=2004, stack(0x0000000039880000,0x0000000039980000)]
  0x0000000024322000 JavaThread "Handler for socket connection from /127.0.0.1:50413 to /127.0.0.1:51047" [_thread_in_native, id=18028, stack(0x0000000039780000,0x0000000039880000)]
  0x0000000024325000 JavaThread "Daemon Thread 7" [_thread_blocked, id=16508, stack(0x0000000039680000,0x0000000039780000)]
  0x000000001afbb000 JavaThread "Cache worker for Java compile cache (C:\Users\User\.gradle\caches\5.4.1\javaCompile)" [_thread_blocked, id=16488, stack(0x0000000028080000,0x0000000028180000)]
  0x000000001d8e0000 JavaThread "Cache worker for file content cache (C:\Users\User\.gradle\caches\5.4.1\fileContent)" [_thread_blocked, id=18316, stack(0x0000000026b80000,0x0000000026c80000)]
  0x000000001f629000 JavaThread "Memory manager" [_thread_blocked, id=11984, stack(0x00000000234c0000,0x00000000235c0000)]
  0x000000001f625800 JavaThread "Cache worker for execution history cache (C:\Users\User\.gradle\caches\5.4.1\executionHistory)" [_thread_blocked, id=8048, stack(0x00000000218c0000,0x00000000219c0000)]
  0x000000001b0ca800 JavaThread "Cache worker for journal cache (C:\Users\User\.gradle\caches\journal-1)" [_thread_blocked, id=2256, stack(0x000000001c670000,0x000000001c770000)]
  0x000000001b0c6000 JavaThread "File lock request listener" [_thread_in_native, id=16504, stack(0x000000001c570000,0x000000001c670000)]
  0x000000001aebc000 JavaThread "Cache worker for file hash cache (C:\Users\User\.gradle\caches\5.4.1\fileHashes)" [_thread_blocked, id=18184, stack(0x000000001c470000,0x000000001c570000)]
  0x000000001adbf000 JavaThread "Daemon periodic checks" [_thread_blocked, id=17952, stack(0x000000001b970000,0x000000001ba70000)]
  0x000000001acb5000 JavaThread "Incoming local TCP Connector on port 50413" [_thread_in_native, id=4104, stack(0x000000001b730000,0x000000001b830000)]
  0x000000001acd6000 JavaThread "Daemon health stats" [_thread_blocked, id=3472, stack(0x000000001b0f0000,0x000000001b1f0000)]
  0x0000000018aff800 JavaThread "Service Thread" daemon [_thread_blocked, id=10956, stack(0x0000000019720000,0x0000000019820000)]
  0x0000000018a69000 JavaThread "C1 CompilerThread3" daemon [_thread_blocked, id=8772, stack(0x0000000019620000,0x0000000019720000)]
  0x0000000016c59000 JavaThread "C2 CompilerThread2" daemon [_thread_blocked, id=15836, stack(0x0000000019520000,0x0000000019620000)]
  0x0000000018a5e800 JavaThread "C2 CompilerThread1" daemon [_thread_in_native, id=8904, stack(0x0000000019420000,0x0000000019520000)]
  0x0000000018a5b800 JavaThread "C2 CompilerThread0" daemon [_thread_blocked, id=9568, stack(0x0000000019320000,0x0000000019420000)]
  0x0000000018a66000 JavaThread "Attach Listener" daemon [_thread_blocked, id=17632, stack(0x0000000019220000,0x0000000019320000)]
  0x0000000018a64800 JavaThread "Signal Dispatcher" daemon [_thread_blocked, id=8552, stack(0x0000000019120000,0x0000000019220000)]
  0x0000000002d9e000 JavaThread "Finalizer" daemon [_thread_blocked, id=16412, stack(0x0000000018f30000,0x0000000019030000)]
  0x0000000002d95800 JavaThread "Reference Handler" daemon [_thread_blocked, id=17764, stack(0x0000000018e30000,0x0000000018f30000)]
  0x0000000002e8d800 JavaThread "main" [_thread_blocked, id=15844, stack(0x0000000002b60000,0x0000000002c60000)]

Other Threads:
  0x0000000016c47000 VMThread [stack: 0x0000000018930000,0x0000000018a30000] [id=2740]
  0x0000000018b00000 WatcherThread [stack: 0x0000000019820000,0x0000000019920000] [id=12116]

VM state:not at safepoint (normal execution)

VM Mutex/Monitor currently owned by a thread: None

heap address: 0x00000000a0000000, size: 1536 MB, Compressed Oops mode: 32-bit
Narrow klass base: 0x0000000000000000, Narrow klass shift: 3
Compressed class space size: 1073741824 Address: 0x0000000100000000

Heap:
 PSYoungGen      total 123392K, used 81083K [0x00000000e0000000, 0x00000000eaf80000, 0x0000000100000000)
  eden space 98816K, 57% used [0x00000000e0000000,0x00000000e373a558,0x00000000e6080000)
  from space 24576K, 99% used [0x00000000e6180000,0x00000000e7974a80,0x00000000e7980000)
  to   space 40448K, 0% used [0x00000000e8800000,0x00000000e8800000,0x00000000eaf80000)
 ParOldGen       total 267264K, used 78985K [0x00000000a0000000, 0x00000000b0500000, 0x00000000e0000000)
  object space 267264K, 29% used [0x00000000a0000000,0x00000000a4d227d0,0x00000000b0500000)
 Metaspace       used 86543K, capacity 91186K, committed 91480K, reserved 1128448K
  class space    used 11293K, capacity 12120K, committed 12160K, reserved 1048576K

Card table byte_map: [0x0000000012250000,0x0000000012560000] byte_map_base: 0x0000000011d50000

Marking Bits: (ParMarkBitMap*) 0x0000000061f69f30
 Begin Bits: [0x0000000012f60000, 0x0000000014760000)
 End Bits:   [0x0000000014760000, 0x0000000015f60000)

Polling page: 0x00000000009e0000

CodeCache: size=245760Kb used=50023Kb max_used=50034Kb free=195736Kb
 bounds [0x0000000002e90000, 0x0000000005fc0000, 0x0000000011e90000]
 total_blobs=15725 nmethods=14874 adapters=764
 compilation: enabled

Compilation events (10 events):
Event: 3414.564 Thread 0x0000000016c59000 18587   !   4       com.google.common.collect.RegularImmutableSortedSet::indexOf (35 bytes)
Event: 3414.569 Thread 0x0000000016c59000 nmethod 18587 0x0000000005fa7210 code [0x0000000005fa7380, 0x0000000005fa7898]
Event: 3414.570 Thread 0x0000000018a69000 18588       3       org.gradle.tooling.internal.provider.events.DefaultTaskSuccessResult::<init> (25 bytes)
Event: 3414.570 Thread 0x0000000018a69000 nmethod 18588 0x0000000005faf510 code [0x0000000005faf680, 0x0000000005faf970]
Event: 3414.571 Thread 0x0000000018a69000 18589       3       org.gradle.api.internal.file.collections.DefaultFileCollectionResolveContext::newContext (9 bytes)
Event: 3414.571 Thread 0x0000000018a69000 nmethod 18589 0x0000000005fa4090 code [0x0000000005fa4200, 0x0000000005fa4468]
Event: 3414.574 Thread 0x0000000018a5b800 18590       4       org.gradle.tooling.internal.provider.events.AbstractProgressEvent::<init> (15 bytes)
Event: 3414.575 Thread 0x0000000018a5b800 nmethod 18590 0x0000000004931710 code [0x0000000004931840, 0x00000000049318b8]
Event: 3414.589 Thread 0x0000000016c59000 18591       4       org.gradle.internal.typeconversion.NotationConverterToNotationParserAdapter$ResultImpl::<init> (5 bytes)
Event: 3414.589 Thread 0x0000000016c59000 nmethod 18591 0x0000000005a59b90 code [0x0000000005a59cc0, 0x0000000005a59d18]

GC Heap History (10 events):
Event: 2788.730 GC heap before
{Heap before GC invocations=24 (full 3):
 PSYoungGen      total 131072K, used 128247K [0x00000000e0000000, 0x00000000ebc80000, 0x0000000100000000)
  eden space 103936K, 100% used [0x00000000e0000000,0x00000000e6580000,0x00000000e6580000)
  from space 27136K, 89% used [0x00000000ea200000,0x00000000eb9bdfe8,0x00000000ebc80000)
  to   space 44544K, 0% used [0x00000000e6580000,0x00000000e6580000,0x00000000e9100000)
 ParOldGen       total 267264K, used 78945K [0x00000000a0000000, 0x00000000b0500000, 0x00000000e0000000)
  object space 267264K, 29% used [0x00000000a0000000,0x00000000a4d187d0,0x00000000b0500000)
 Metaspace       used 85394K, capacity 89148K, committed 89432K, reserved 1126400K
  class space    used 11156K, capacity 11869K, committed 11904K, reserved 1048576K
Event: 2788.760 GC heap after
Heap after GC invocations=24 (full 3):
 PSYoungGen      total 148480K, used 24754K [0x00000000e0000000, 0x00000000ec800000, 0x0000000100000000)
  eden space 103936K, 0% used [0x00000000e0000000,0x00000000e0000000,0x00000000e6580000)
  from space 44544K, 55% used [0x00000000e6580000,0x00000000e7dac858,0x00000000e9100000)
  to   space 43520K, 0% used [0x00000000e9d80000,0x00000000e9d80000,0x00000000ec800000)
 ParOldGen       total 267264K, used 78953K [0x00000000a0000000, 0x00000000b0500000, 0x00000000e0000000)
  object space 267264K, 29% used [0x00000000a0000000,0x00000000a4d1a7d0,0x00000000b0500000)
 Metaspace       used 85394K, capacity 89148K, committed 89432K, reserved 1126400K
  class space    used 11156K, capacity 11869K, committed 11904K, reserved 1048576K
}
Event: 2855.526 GC heap before
{Heap before GC invocations=25 (full 3):
 PSYoungGen      total 148480K, used 128690K [0x00000000e0000000, 0x00000000ec800000, 0x0000000100000000)
  eden space 103936K, 100% used [0x00000000e0000000,0x00000000e6580000,0x00000000e6580000)
  from space 44544K, 55% used [0x00000000e6580000,0x00000000e7dac858,0x00000000e9100000)
  to   space 43520K, 0% used [0x00000000e9d80000,0x00000000e9d80000,0x00000000ec800000)
 ParOldGen       total 267264K, used 78953K [0x00000000a0000000, 0x00000000b0500000, 0x00000000e0000000)
  object space 267264K, 29% used [0x00000000a0000000,0x00000000a4d1a7d0,0x00000000b0500000)
 Metaspace       used 85575K, capacity 89452K, committed 89688K, reserved 1126400K
  class space    used 11171K, capacity 11897K, committed 11904K, reserved 1048576K
Event: 2855.544 GC heap after
Heap after GC invocations=25 (full 3):
 PSYoungGen      total 128512K, used 25512K [0x00000000e0000000, 0x00000000eb700000, 0x0000000100000000)
  eden space 102400K, 0% used [0x00000000e0000000,0x00000000e0000000,0x00000000e6400000)
  from space 26112K, 97% used [0x00000000e9d80000,0x00000000eb66a128,0x00000000eb700000)
  to   space 42496K, 0% used [0x00000000e6400000,0x00000000e6400000,0x00000000e8d80000)
 ParOldGen       total 267264K, used 78961K [0x00000000a0000000, 0x00000000b0500000, 0x00000000e0000000)
  object space 267264K, 29% used [0x00000000a0000000,0x00000000a4d1c7d0,0x00000000b0500000)
 Metaspace       used 85575K, capacity 89452K, committed 89688K, reserved 1126400K
  class space    used 11171K, capacity 11897K, committed 11904K, reserved 1048576K
}
Event: 2886.523 GC heap before
{Heap before GC invocations=26 (full 3):
 PSYoungGen      total 128512K, used 127912K [0x00000000e0000000, 0x00000000eb700000, 0x0000000100000000)
  eden space 102400K, 100% used [0x00000000e0000000,0x00000000e6400000,0x00000000e6400000)
  from space 26112K, 97% used [0x00000000e9d80000,0x00000000eb66a128,0x00000000eb700000)
  to   space 42496K, 0% used [0x00000000e6400000,0x00000000e6400000,0x00000000e8d80000)
 ParOldGen       total 267264K, used 78961K [0x00000000a0000000, 0x00000000b0500000, 0x00000000e0000000)
  object space 267264K, 29% used [0x00000000a0000000,0x00000000a4d1c7d0,0x00000000b0500000)
 Metaspace       used 85921K, capacity 90050K, committed 90328K, reserved 1128448K
  class space    used 11213K, capacity 11974K, committed 12032K, reserved 1048576K
Event: 2886.545 GC heap after
Heap after GC invocations=26 (full 3):
 PSYoungGen      total 143360K, used 32043K [0x00000000e0000000, 0x00000000eb880000, 0x0000000100000000)
  eden space 100864K, 0% used [0x00000000e0000000,0x00000000e0000000,0x00000000e6280000)
  from space 42496K, 75% used [0x00000000e6400000,0x00000000e834ae20,0x00000000e8d80000)
  to   space 44032K, 0% used [0x00000000e8d80000,0x00000000e8d80000,0x00000000eb880000)
 ParOldGen       total 267264K, used 78969K [0x00000000a0000000, 0x00000000b0500000, 0x00000000e0000000)
  object space 267264K, 29% used [0x00000000a0000000,0x00000000a4d1e7d0,0x00000000b0500000)
 Metaspace       used 85921K, capacity 90050K, committed 90328K, reserved 1128448K
  class space    used 11213K, capacity 11974K, committed 12032K, reserved 1048576K
}
Event: 2920.931 GC heap before
{Heap before GC invocations=27 (full 3):
 PSYoungGen      total 143360K, used 132907K [0x00000000e0000000, 0x00000000eb880000, 0x0000000100000000)
  eden space 100864K, 100% used [0x00000000e0000000,0x00000000e6280000,0x00000000e6280000)
  from space 42496K, 75% used [0x00000000e6400000,0x00000000e834ae20,0x00000000e8d80000)
  to   space 44032K, 0% used [0x00000000e8d80000,0x00000000e8d80000,0x00000000eb880000)
 ParOldGen       total 267264K, used 78969K [0x00000000a0000000, 0x00000000b0500000, 0x00000000e0000000)
  object space 267264K, 29% used [0x00000000a0000000,0x00000000a4d1e7d0,0x00000000b0500000)
 Metaspace       used 86090K, capacity 90212K, committed 90328K, reserved 1128448K
  class space    used 11216K, capacity 11979K, committed 12032K, reserved 1048576K
Event: 2920.954 GC heap after
Heap after GC invocations=27 (full 3):
 PSYoungGen      total 138752K, used 23828K [0x00000000e0000000, 0x00000000eb380000, 0x0000000100000000)
  eden space 99840K, 0% used [0x00000000e0000000,0x00000000e0000000,0x00000000e6180000)
  from space 38912K, 61% used [0x00000000e8d80000,0x00000000ea4c5238,0x00000000eb380000)
  to   space 41984K, 0% used [0x00000000e6180000,0x00000000e6180000,0x00000000e8a80000)
 ParOldGen       total 267264K, used 78977K [0x00000000a0000000, 0x00000000b0500000, 0x00000000e0000000)
  object space 267264K, 29% used [0x00000000a0000000,0x00000000a4d207d0,0x00000000b0500000)
 Metaspace       used 86090K, capacity 90212K, committed 90328K, reserved 1128448K
  class space    used 11216K, capacity 11979K, committed 12032K, reserved 1048576K
}
Event: 2922.445 GC heap before
{Heap before GC invocations=28 (full 3):
 PSYoungGen      total 138752K, used 123668K [0x00000000e0000000, 0x00000000eb380000, 0x0000000100000000)
  eden space 99840K, 100% used [0x00000000e0000000,0x00000000e6180000,0x00000000e6180000)
  from space 38912K, 61% used [0x00000000e8d80000,0x00000000ea4c5238,0x00000000eb380000)
  to   space 41984K, 0% used [0x00000000e6180000,0x00000000e6180000,0x00000000e8a80000)
 ParOldGen       total 267264K, used 78977K [0x00000000a0000000, 0x00000000b0500000, 0x00000000e0000000)
  object space 267264K, 29% used [0x00000000a0000000,0x00000000a4d207d0,0x00000000b0500000)
 Metaspace       used 86393K, capacity 90972K, committed 91224K, reserved 1128448K
  class space    used 11279K, capacity 12095K, committed 12160K, reserved 1048576K
Event: 2922.468 GC heap after
Heap after GC invocations=28 (full 3):
 PSYoungGen      total 123392K, used 24530K [0x00000000e0000000, 0x00000000eaf80000, 0x0000000100000000)
  eden space 98816K, 0% used [0x00000000e0000000,0x00000000e0000000,0x00000000e6080000)
  from space 24576K, 99% used [0x00000000e6180000,0x00000000e7974a80,0x00000000e7980000)
  to   space 40448K, 0% used [0x00000000e8800000,0x00000000e8800000,0x00000000eaf80000)
 ParOldGen       total 267264K, used 78985K [0x00000000a0000000, 0x00000000b0500000, 0x00000000e0000000)
  object space 267264K, 29% used [0x00000000a0000000,0x00000000a4d227d0,0x00000000b0500000)
 Metaspace       used 86393K, capacity 90972K, committed 91224K, reserved 1128448K
  class space    used 11279K, capacity 12095K, committed 12160K, reserved 1048576K
}

Deoptimization events (10 events):
Event: 2787.301 Thread 0x0000000024325000 Uncommon trap: reason=class_check action=maybe_recompile pc=0x0000000005694a7c method=com.sun.org.apache.xerces.internal.dom.NamedNodeMapImpl.getNamedItem(Ljava/lang/String;)Lorg/w3c/dom/Node; @ 28
Event: 2787.301 Thread 0x0000000024325000 Uncommon trap: reason=class_check action=maybe_recompile pc=0x0000000005694a7c method=com.sun.org.apache.xerces.internal.dom.NamedNodeMapImpl.getNamedItem(Ljava/lang/String;)Lorg/w3c/dom/Node; @ 28
Event: 2787.301 Thread 0x0000000024325000 Uncommon trap: reason=class_check action=maybe_recompile pc=0x0000000005694a7c method=com.sun.org.apache.xerces.internal.dom.NamedNodeMapImpl.getNamedItem(Ljava/lang/String;)Lorg/w3c/dom/Node; @ 28
Event: 2787.301 Thread 0x0000000024325000 Uncommon trap: reason=class_check action=maybe_recompile pc=0x0000000005694a7c method=com.sun.org.apache.xerces.internal.dom.NamedNodeMapImpl.getNamedItem(Ljava/lang/String;)Lorg/w3c/dom/Node; @ 28
Event: 2787.355 Thread 0x0000000024325000 Uncommon trap: reason=bimorphic action=maybe_recompile pc=0x00000000045845e0 method=com.sun.org.apache.xerces.internal.dom.CoreDocumentImpl.isKidOK(Lorg/w3c/dom/Node;Lorg/w3c/dom/Node;)Z @ 39
Event: 2787.443 Thread 0x0000000024324800 Uncommon trap: reason=unstable_if action=reinterpret pc=0x000000000524fe0c method=java.util.concurrent.locks.LockSupport.unpark(Ljava/lang/Thread;)V @ 1
Event: 2854.084 Thread 0x000000002431f000 Uncommon trap: reason=null_check action=make_not_entrant pc=0x00000000048a0220 method=org.gradle.api.internal.collections.CollectionFilter.filter(Ljava/lang/Object;)Ljava/lang/Object; @ 5
Event: 2854.183 Thread 0x000000001afb4000 Uncommon trap: reason=unstable_if action=reinterpret pc=0x00000000042e23e8 method=com.google.common.util.concurrent.AbstractFuture.releaseWaiters()V @ 22
Event: 2886.576 Thread 0x000000002431f000 Uncommon trap: reason=null_check action=make_not_entrant pc=0x0000000003a88af8 method=java.lang.ThreadLocal$ThreadLocalMap.getEntryAfterMiss(Ljava/lang/ThreadLocal;ILjava/lang/ThreadLocal$ThreadLocalMap$Entry;)Ljava/lang/ThreadLocal$ThreadLocalMap$Entry; 
Event: 2920.777 Thread 0x000000001d8e6000 Uncommon trap: reason=unstable_if action=reinterpret pc=0x0000000004387420 method=java.util.concurrent.ConcurrentHashMap.get(Ljava/lang/Object;)Ljava/lang/Object; @ 86

Classes redefined (0 events):
No events

Internal exceptions (10 events):
Event: 2734.551 Thread 0x000000001d8e1800 Exception <a 'sun/nio/fs/WindowsException'> (0x00000000e2faa968) thrown at [D:\src\AOSP-openjdk-cygwin\jdk8u\hotspot\src\share\vm\prims\jni.cpp, line 710]
Event: 2734.794 Thread 0x0000000024326000 Exception <a 'sun/nio/fs/WindowsException'> (0x00000000e4a56ec8) thrown at [D:\src\AOSP-openjdk-cygwin\jdk8u\hotspot\src\share\vm\prims\jni.cpp, line 710]
Event: 2787.083 Thread 0x0000000024326000 Implicit null exception at 0x0000000005620c81 to 0x0000000005622cc9
Event: 2787.086 Thread 0x0000000024326000 Implicit null exception at 0x0000000003aa5075 to 0x0000000003aa5535
Event: 2788.785 Thread 0x0000000024326000 Exception <a 'sun/nio/fs/WindowsException'> (0x00000000e03756b0) thrown at [D:\src\AOSP-openjdk-cygwin\jdk8u\hotspot\src\share\vm\prims\jni.cpp, line 710]
Event: 2854.084 Thread 0x000000002431f000 Implicit null exception at 0x00000000048a00df to 0x00000000048a020d
Event: 2856.079 Thread 0x000000002431f000 Exception <a 'sun/nio/fs/WindowsException'> (0x00000000e222e800) thrown at [D:\src\AOSP-openjdk-cygwin\jdk8u\hotspot\src\share\vm\prims\jni.cpp, line 710]
Event: 2886.576 Thread 0x000000002431f000 Implicit null exception at 0x0000000003a88438 to 0x0000000003a88ad1
Event: 2887.848 Thread 0x000000002431f000 Exception <a 'sun/nio/fs/WindowsException'> (0x00000000e4242a30) thrown at [D:\src\AOSP-openjdk-cygwin\jdk8u\hotspot\src\share\vm\prims\jni.cpp, line 710]
Event: 2922.479 Thread 0x000000002431f000 Exception <a 'sun/nio/fs/WindowsException'> (0x00000000e014f418) thrown at [D:\src\AOSP-openjdk-cygwin\jdk8u\hotspot\src\share\vm\prims\jni.cpp, line 710]

Events (10 events):
Event: 3414.392 Executing VM operation: RevokeBias done
Event: 3414.509 Thread 0x000000001d8ed800 Thread added: 0x000000001d8ed800
Event: 3414.523 Executing VM operation: RevokeBias
Event: 3414.523 Executing VM operation: RevokeBias done
Event: 3414.523 Executing VM operation: RevokeBias
Event: 3414.523 Executing VM operation: RevokeBias done
Event: 3414.524 Executing VM operation: RevokeBias
Event: 3414.524 Executing VM operation: RevokeBias done
Event: 3414.589 loading class org/gradle/internal/typeconversion/NotationConverterToNotationParserAdapter$1
Event: 3414.589 loading class org/gradle/internal/typeconversion/NotationConverterToNotationParserAdapter$1 done


Dynamic libraries:
0x00007ff737730000 - 0x00007ff737761000 	D:\Android\jre\bin\java.exe
0x00007ffd40790000 - 0x00007ffd40971000 	C:\WINDOWS\SYSTEM32\ntdll.dll
0x00007ffd3e4e0000 - 0x00007ffd3e591000 	C:\WINDOWS\System32\KERNEL32.DLL
0x00007ffd3cb50000 - 0x00007ffd3cdc3000 	C:\WINDOWS\System32\KERNELBASE.dll
0x00007ffd3e290000 - 0x00007ffd3e331000 	C:\WINDOWS\System32\ADVAPI32.dll
0x00007ffd3e890000 - 0x00007ffd3e92e000 	C:\WINDOWS\System32\msvcrt.dll
0x00007ffd3e740000 - 0x00007ffd3e79b000 	C:\WINDOWS\System32\sechost.dll
0x00007ffd3e160000 - 0x00007ffd3e284000 	C:\WINDOWS\System32\RPCRT4.dll
0x00007ffd400a0000 - 0x00007ffd40230000 	C:\WINDOWS\System32\USER32.dll
0x00007ffd3ce30000 - 0x00007ffd3ce50000 	C:\WINDOWS\System32\win32u.dll
0x00007ffd3e440000 - 0x00007ffd3e468000 	C:\WINDOWS\System32\GDI32.dll
0x00007ffd3da80000 - 0x00007ffd3dc13000 	C:\WINDOWS\System32\gdi32full.dll
0x00007ffd3d930000 - 0x00007ffd3d9cf000 	C:\WINDOWS\System32\msvcp_win.dll
0x00007ffd3d5f0000 - 0x00007ffd3d6e8000 	C:\WINDOWS\System32\ucrtbase.dll
0x00007ffd2ed60000 - 0x00007ffd2efc9000 	C:\WINDOWS\WinSxS\amd64_microsoft.windows.common-controls_6595b64144ccf1df_6.0.17134.1610_none_d3fd41197c928db6\COMCTL32.dll
0x00007ffd3dce0000 - 0x00007ffd3e000000 	C:\WINDOWS\System32\combase.dll
0x00007ffd3d570000 - 0x00007ffd3d5e9000 	C:\WINDOWS\System32\bcryptPrimitives.dll
0x00007ffd3e9d0000 - 0x00007ffd3e9fd000 	C:\WINDOWS\System32\IMM32.DLL
0x0000000063460000 - 0x0000000063532000 	D:\Android\jre\jre\bin\msvcr100.dll
0x00000000617a0000 - 0x0000000061fe6000 	D:\Android\jre\jre\bin\server\jvm.dll
0x00007ffd40750000 - 0x00007ffd40758000 	C:\WINDOWS\System32\PSAPI.DLL
0x00007ffd35c40000 - 0x00007ffd35c49000 	C:\WINDOWS\SYSTEM32\WSOCK32.dll
0x00007ffd3acd0000 - 0x00007ffd3acf3000 	C:\WINDOWS\SYSTEM32\WINMM.dll
0x00007ffd37b60000 - 0x00007ffd37b6a000 	C:\WINDOWS\SYSTEM32\VERSION.dll
0x00007ffd3e470000 - 0x00007ffd3e4dc000 	C:\WINDOWS\System32\WS2_32.dll
0x00007ffd3abb0000 - 0x00007ffd3abda000 	C:\WINDOWS\SYSTEM32\WINMMBASE.dll
0x00007ffd3d6f0000 - 0x00007ffd3d739000 	C:\WINDOWS\System32\cfgmgr32.dll
0x00007ffd35860000 - 0x00007ffd3586f000 	D:\Android\jre\jre\bin\verify.dll
0x00007ffd14fb0000 - 0x00007ffd14fd9000 	D:\Android\jre\jre\bin\java.dll
0x00007ffd2db40000 - 0x00007ffd2db56000 	D:\Android\jre\jre\bin\zip.dll
0x00007ffd3ec50000 - 0x00007ffd40095000 	C:\WINDOWS\System32\SHELL32.dll
0x00007ffd3dc30000 - 0x00007ffd3dcd9000 	C:\WINDOWS\System32\shcore.dll
0x00007ffd3ce50000 - 0x00007ffd3d565000 	C:\WINDOWS\System32\windows.storage.dll
0x00007ffd406f0000 - 0x00007ffd40741000 	C:\WINDOWS\System32\shlwapi.dll
0x00007ffd3cae0000 - 0x00007ffd3caf1000 	C:\WINDOWS\System32\kernel.appcore.dll
0x00007ffd3cb30000 - 0x00007ffd3cb4f000 	C:\WINDOWS\System32\profapi.dll
0x00007ffd3ca90000 - 0x00007ffd3cadc000 	C:\WINDOWS\System32\powrprof.dll
0x00007ffd3cb00000 - 0x00007ffd3cb0a000 	C:\WINDOWS\System32\FLTLIB.DLL
0x00007ffd21390000 - 0x00007ffd213aa000 	D:\Android\jre\jre\bin\net.dll
0x00007ffd3c310000 - 0x00007ffd3c376000 	C:\WINDOWS\system32\mswsock.dll
0x00007ffd1dfb0000 - 0x00007ffd1dfc1000 	D:\Android\jre\jre\bin\nio.dll
0x00007ffd1cb10000 - 0x00007ffd1cb36000 	C:\Users\User\.gradle\native\29\windows-amd64\native-platform.dll
0x00007ffd347d0000 - 0x00007ffd347dd000 	D:\Android\jre\jre\bin\management.dll
0x00007ffd3c4c0000 - 0x00007ffd3c4d7000 	C:\WINDOWS\SYSTEM32\CRYPTSP.dll
0x00007ffd3bec0000 - 0x00007ffd3bef3000 	C:\WINDOWS\system32\rsaenh.dll
0x00007ffd3c5f0000 - 0x00007ffd3c615000 	C:\WINDOWS\SYSTEM32\bcrypt.dll
0x00007ffd3c990000 - 0x00007ffd3c9b8000 	C:\WINDOWS\SYSTEM32\USERENV.dll
0x00007ffd3c4e0000 - 0x00007ffd3c4eb000 	C:\WINDOWS\SYSTEM32\CRYPTBASE.dll
0x00007ffd3c060000 - 0x00007ffd3c098000 	C:\WINDOWS\SYSTEM32\IPHLPAPI.DLL
0x00007ffd40680000 - 0x00007ffd40688000 	C:\WINDOWS\System32\NSI.dll
0x00007ffd37e20000 - 0x00007ffd37e36000 	C:\WINDOWS\SYSTEM32\dhcpcsvc6.DLL
0x00007ffd37e00000 - 0x00007ffd37e1a000 	C:\WINDOWS\SYSTEM32\dhcpcsvc.DLL
0x00007ffd2cab0000 - 0x00007ffd2cc79000 	C:\WINDOWS\SYSTEM32\dbghelp.dll

VM Arguments:
jvm_args: -Xmx1536m -Dfile.encoding=windows-1252 -Duser.country=ZA -Duser.language=en -Duser.variant 
java_command: org.gradle.launcher.daemon.bootstrap.GradleDaemon 5.4.1
java_class_path (initial): C:\Users\User\.gradle\wrapper\dists\gradle-5.4.1-all\3221gyojl5jsh0helicew7rwx\gradle-5.4.1\lib\gradle-launcher-5.4.1.jar
Launcher Type: SUN_STANDARD

Environment Variables:
PATH=C:\ProgramData\Oracle\Java\javapath;C:\Windows\system32;C:\Windows;C:\Windows\System32\Wbem;C:\Windows\System32\WindowsPowerShell\v1.0\;C:\WINDOWS\system32;C:\WINDOWS;C:\WINDOWS\System32\Wbem;C:\WINDOWS\System32\WindowsPowerShell\v1.0\;C:\Program Files\Microsoft SQL Server\130\Tools\Binn\;C:\Program Files\Microsoft SQL Server\120\Tools\Binn\;C:\Program Files (x86)\NVIDIA Corporation\PhysX\Common;C:\WINDOWS\system32;C:\WINDOWS;C:\WINDOWS\System32\Wbem;C:\WINDOWS\System32\WindowsPowerShell\v1.0\;C:\WINDOWS\System32\OpenSSH\;C:\Program Files\Microsoft SQL Server\Client SDK\ODBC\110\Tools\Binn\;C:\Program Files (x86)\Microsoft SQL Server\120\Tools\Binn\;C:\Program Files\Microsoft SQL Server\120\DTS\Binn\;C:\Program Files (x86)\Microsoft SQL Server\120\Tools\Binn\ManagementStudio\;C:\Program Files (x86)\Microsoft SQL Server\120\DTS\Binn\;C:\Program Files\NVIDIA Corporation\NVIDIA NvDLISR;C:\Program Files\dotnet\;C:\Users\User\AppData\Local\Microsoft\WindowsApps;D:\VSCode\Microsoft VS Code\bin;C:\Users\User\AppData\Local\GitHubDesktop\bin
USERNAME=User
OS=Windows_NT
PROCESSOR_IDENTIFIER=AMD64 Family 23 Model 1 Stepping 1, AuthenticAMD



---------------  S Y S T E M  ---------------

OS: Windows 10.0 , 64 bit Build 17134 (10.0.17134.1425)

CPU:total 8 (initial active 8) (8 cores per cpu, 1 threads per core) family 23 model 1 stepping 1, cmov, cx8, fxsr, mmx, sse, sse2, sse3, ssse3, sse4.1, sse4.2, popcnt, avx, avx2, aes, clmul, mmxext, 3dnowpref, lzcnt, sse4a, tsc, tscinvbit, tscinv, bmi1

Memory: 4k page, physical 16729164k(9044372k free), swap 19219532k(7491200k free)

vm_info: OpenJDK 64-Bit Server VM (25.202-b03) for windows-amd64 JRE (1.8.0_202-release-1483-b03), built by "builder" with MS VC++ 10.0 (VS2010)

time: Wed Aug 05 13:05:12 2020
timezone: South Africa Standard Time
elapsed time: 3414 seconds (0d 0h 56m 54s)

